<?xml version="1.0" encoding="UTF-8"?>
<!-- Generated by org.testng.reporters.JUnitXMLReporter -->
<testsuite ignored="0" hostname="LAPTOP-J2TOIKUA" failures="0" tests="5" name="Default test" time="0.06" errors="0" timestamp="2023-10-07T14:00:46 IST">
  <testcase classname="testNG.HomeLoan" name="APIloginhomloan" time="0.007"/>
  <testcase classname="testNG.HomeLoan" name="Mobileloginhomeloan" time="0.001"/>
  <testcase classname="testNG.HomeLoan" name="Mobilesigbnouthomeloan" time="0.002"/>
  <testcase classname="testNG.HomeLoan" name="Mobilesigninhomeloan" time="0.001"/>
  <testcase classname="testNG.HomeLoan" name="Webloginhomeloan" time="0.0"/>
</testsuite> <!-- Default test -->
