<?xml version="1.0" encoding="UTF-8"?>
<!-- Generated by org.testng.reporters.JUnitXMLReporter -->
<testsuite ignored="7" hostname="LAPTOP-J2TOIKUA" failures="0" tests="3" name="Smoke" time="0.135" errors="0" timestamp="2023-10-06T21:18:16 IST">
  <testcase classname="testNG.Annotations" name="test2" time="0.016"/>
  <testcase classname="testNG.CarLoan" name="Mobilelogincarloan" time="0.003"/>
  <testcase classname="testNG.HomeLoan" name="APIloginhomloan" time="0.002"/>
  <testcase classname="testNG.HomeLoan" name="Mobileloginhomeloan" time="0.0">
    <ignored/>
  </testcase> <!-- Mobileloginhomeloan -->
  <testcase classname="testNG.HomeLoan" name="Mobilesigbnouthomeloan" time="0.0">
    <ignored/>
  </testcase> <!-- Mobilesigbnouthomeloan -->
  <testcase classname="testNG.HomeLoan" name="Mobilesigninhomeloan" time="0.0">
    <ignored/>
  </testcase> <!-- Mobilesigninhomeloan -->
  <testcase classname="testNG.Annotations" name="test1" time="0.0">
    <ignored/>
  </testcase> <!-- test1 -->
  <testcase classname="testNG.CarLoan" name="Weblogincarloan" time="0.0">
    <ignored/>
  </testcase> <!-- Weblogincarloan -->
  <testcase classname="testNG.HomeLoan" name="Webloginhomeloan" time="0.0">
    <ignored/>
  </testcase> <!-- Webloginhomeloan -->
  <testcase classname="testNG.CarLoan" name="APIlogincarloan" time="0.0">
    <ignored/>
  </testcase> <!-- APIlogincarloan -->
</testsuite> <!-- Smoke -->
