<?xml version="1.0" encoding="UTF-8"?>
<!-- Generated by org.testng.reporters.JUnitXMLReporter -->
<testsuite ignored="1" hostname="LAPTOP-J2TOIKUA" failures="0" tests="2" name="car loan" time="0.015" errors="0" timestamp="2023-10-07T14:14:25 IST">
  <testcase classname="testNG.CarLoan" name="APIlogincarloan" time="0.002"/>
  <testcase classname="testNG.CarLoan" name="Weblogincarloan" time="0.002"/>
  <testcase classname="testNG.CarLoan" name="Mobilelogincarloan" time="0.0">
    <ignored/>
  </testcase> <!-- Mobilelogincarloan -->
</testsuite> <!-- car loan -->
