<?xml version="1.0" encoding="UTF-8"?>
<!-- Generated by org.testng.reporters.JUnitXMLReporter -->
<testsuite ignored="1" hostname="LAPTOP-J2TOIKUA" failures="0" tests="4" name="Home Loan" time="0.016" errors="0" timestamp="2023-10-07T14:14:25 IST">
  <testcase classname="testNG.HomeLoan" name="Mobileloginhomeloan" time="0.001"/>
  <testcase classname="testNG.HomeLoan" name="Mobilesigbnouthomeloan" time="0.002"/>
  <testcase classname="testNG.HomeLoan" name="Mobilesigninhomeloan" time="0.001"/>
  <testcase classname="testNG.HomeLoan" name="Webloginhomeloan" time="0.003"/>
  <testcase classname="testNG.HomeLoan" name="APIloginhomloan" time="0.0">
    <ignored/>
  </testcase> <!-- APIloginhomloan -->
</testsuite> <!-- Home Loan -->
