<?xml version="1.0" encoding="UTF-8"?>
<!-- Generated by org.testng.reporters.JUnitXMLReporter -->
<testsuite ignored="0" hostname="LAPTOP-J2TOIKUA" failures="0" tests="6" name="Other loans" time="0.032" errors="0" timestamp="2023-10-05T20:59:59 IST">
  <testcase classname="testNG.CarLoan" name="APIcarloan" time="0.002"/>
  <testcase classname="testNG.CarLoan" name="Mobilecarloan" time="0.003"/>
  <testcase classname="testNG.CarLoan" name="Webcarloan" time="0.002"/>
  <testcase classname="testNG.HomeLoan" name="APIhomleoan" time="0.002"/>
  <testcase classname="testNG.HomeLoan" name="Mobilehomeloan" time="0.002"/>
  <testcase classname="testNG.HomeLoan" name="Webhomeloan" time="0.001"/>
</testsuite> <!-- Other loans -->
