<?xml version="1.0" encoding="UTF-8"?>
<!-- Generated by org.testng.reporters.JUnitXMLReporter -->
<testsuite ignored="0" hostname="LAPTOP-J2TOIKUA" failures="0" tests="3" name="Personal Loan" time="0.086" errors="0" timestamp="2023-10-07T14:14:25 IST">
  <testcase classname="testNG.testDemo" name="demo" time="0.009"/>
  <testcase classname="testNG.TestDemo1" name="EducationLoan" time="0.001"/>
  <testcase classname="testNG.TestDemo1" name="personalloan" time="0.001"/>
</testsuite> <!-- Personal Loan -->
